2018-07-28 19:31:55,833 INFO o.a.j.u.JMeterUtils: Setting Locale to en_EN
2018-07-28 19:31:55,875 INFO o.a.j.JMeter: Loading user properties from: /usr/local/Cellar/jmeter/4.0/libexec/bin/user.properties
2018-07-28 19:31:55,875 INFO o.a.j.JMeter: Loading system properties from: /usr/local/Cellar/jmeter/4.0/libexec/bin/system.properties
2018-07-28 19:31:55,884 INFO o.a.j.JMeter: Copyright (c) 1998-2018 The Apache Software Foundation
2018-07-28 19:31:55,884 INFO o.a.j.JMeter: Version 4.0 r1823414
2018-07-28 19:31:55,884 INFO o.a.j.JMeter: java.version=1.8.0_171
2018-07-28 19:31:55,884 INFO o.a.j.JMeter: java.vm.name=Java HotSpot(TM) 64-Bit Server VM
2018-07-28 19:31:55,884 INFO o.a.j.JMeter: os.name=Mac OS X
2018-07-28 19:31:55,884 INFO o.a.j.JMeter: os.arch=x86_64
2018-07-28 19:31:55,884 INFO o.a.j.JMeter: os.version=10.13.2
2018-07-28 19:31:55,884 INFO o.a.j.JMeter: file.encoding=UTF-8
2018-07-28 19:31:55,885 INFO o.a.j.JMeter: Max memory     =1073741824
2018-07-28 19:31:55,885 INFO o.a.j.JMeter: Available Processors =4
2018-07-28 19:31:55,892 INFO o.a.j.JMeter: Default Locale=English (EN)
2018-07-28 19:31:55,893 INFO o.a.j.JMeter: JMeter  Locale=English (EN)
2018-07-28 19:31:55,893 INFO o.a.j.JMeter: JMeterHome=/usr/local/Cellar/jmeter/4.0/libexec
2018-07-28 19:31:55,893 INFO o.a.j.JMeter: user.dir  =/Users/lamhotjmsiagian/projects/performance-test-jmeter
2018-07-28 19:31:55,893 INFO o.a.j.JMeter: PWD       =/Users/lamhotjmsiagian/projects/performance-test-jmeter
2018-07-28 19:31:55,895 INFO o.a.j.JMeter: IP: 192.168.215.85 Name: sqa-lamhot.local FullName: 192.168.215.85
2018-07-28 19:31:59,012 INFO o.a.j.g.a.LookAndFeelCommand: Installing Darcula LAF
2018-07-28 19:31:59,040 INFO o.a.j.g.a.LookAndFeelCommand: Using look and feel: com.bulenkov.darcula.DarculaLaf [Darcula]
2018-07-28 19:31:59,040 INFO o.a.j.JMeter: Setting LAF to: com.bulenkov.darcula.DarculaLaf
2018-07-28 19:31:59,197 INFO o.a.j.JMeter: Loaded icon properties from org/apache/jmeter/images/icon.properties
2018-07-28 19:31:59,910 INFO o.a.j.e.u.CompoundVariable: Note: Function class names must contain the string: '.functions.'
2018-07-28 19:31:59,910 INFO o.a.j.e.u.CompoundVariable: Note: Function class names must not contain the string: '.gui.'
2018-07-28 19:32:02,094 INFO o.a.j.p.h.s.HTTPSamplerBase: Parser for text/html is org.apache.jmeter.protocol.http.parser.LagartoBasedHtmlParser
2018-07-28 19:32:02,094 INFO o.a.j.p.h.s.HTTPSamplerBase: Parser for application/xhtml+xml is org.apache.jmeter.protocol.http.parser.LagartoBasedHtmlParser
2018-07-28 19:32:02,094 INFO o.a.j.p.h.s.HTTPSamplerBase: Parser for application/xml is org.apache.jmeter.protocol.http.parser.LagartoBasedHtmlParser
2018-07-28 19:32:02,094 INFO o.a.j.p.h.s.HTTPSamplerBase: Parser for text/xml is org.apache.jmeter.protocol.http.parser.LagartoBasedHtmlParser
2018-07-28 19:32:02,094 INFO o.a.j.p.h.s.HTTPSamplerBase: Parser for text/vnd.wap.wml is org.apache.jmeter.protocol.http.parser.RegexpHTMLParser
2018-07-28 19:32:02,095 INFO o.a.j.p.h.s.HTTPSamplerBase: Parser for text/css is org.apache.jmeter.protocol.http.parser.CssParser
2018-07-28 19:32:02,477 INFO o.a.j.e.KeyToolUtils: keytool found at 'keytool'
2018-07-28 19:32:02,478 INFO o.a.j.p.h.p.ProxyControl: HTTP(S) Test Script Recorder SSL Proxy will use keys that support embedded 3rd party resources in file /usr/local/Cellar/jmeter/4.0/libexec/bin/proxyserver.jks
2018-07-28 19:32:02,609 INFO o.a.j.s.FileServer: Default base='/Users/lamhotjmsiagian/projects/performance-test-jmeter'
2018-07-28 19:32:02,932 INFO o.a.j.s.SampleResult: Note: Sample TimeStamps are START times
2018-07-28 19:32:02,932 INFO o.a.j.s.SampleResult: sampleresult.default.encoding is set to ISO-8859-1
2018-07-28 19:32:02,932 INFO o.a.j.s.SampleResult: sampleresult.useNanoTime=true
2018-07-28 19:32:02,932 INFO o.a.j.s.SampleResult: sampleresult.nanoThreadSleep=5000
2018-07-28 19:32:42,366 INFO o.a.j.s.FileServer: Set new base='/Users/lamhotjmsiagian/projects/performance-test-jmeter'
2018-07-28 19:32:42,592 INFO o.a.j.s.SaveService: Testplan (JMX) version: 2.2. Testlog (JTL) version: 2.2
2018-07-28 19:32:42,626 INFO o.a.j.s.SaveService: Using SaveService properties file encoding UTF-8
2018-07-28 19:32:42,627 INFO o.a.j.s.SaveService: Using SaveService properties version 4.0
2018-07-28 20:23:23,980 INFO o.a.j.e.StandardJMeterEngine: Running the test!
2018-07-28 20:23:23,992 INFO o.a.j.s.SampleEvent: List of sample_variables: []
2018-07-28 20:23:23,992 INFO o.a.j.s.SampleEvent: List of sample_variables: []
2018-07-28 20:23:24,028 INFO o.a.j.g.u.JMeterMenuBar: setRunning(true, *local*)
2018-07-28 20:23:24,499 INFO o.a.j.e.StandardJMeterEngine: Starting ThreadGroup: 1 : Thread Group
2018-07-28 20:23:24,499 INFO o.a.j.e.StandardJMeterEngine: Starting 20 threads for group Thread Group.
2018-07-28 20:23:24,499 INFO o.a.j.e.StandardJMeterEngine: Thread will continue on error
2018-07-28 20:23:24,500 INFO o.a.j.t.ThreadGroup: Starting thread group... number=1 threads=20 ramp-up=60 perThread=3000.0 delayedStart=false
2018-07-28 20:23:24,520 INFO o.a.j.t.ThreadGroup: Started thread group number 1
2018-07-28 20:23:24,521 INFO o.a.j.e.StandardJMeterEngine: All thread groups have been started
2018-07-28 20:23:24,523 INFO o.a.j.t.JMeterThread: Thread started: Thread Group 1-1
2018-07-28 20:23:24,556 INFO o.a.j.p.h.s.HTTPHCAbstractImpl: Local host = sqa-lamhot.local
2018-07-28 20:23:24,563 INFO o.a.j.p.h.s.HTTPHC4Impl: HTTP request retry count = 0
2018-07-28 20:23:24,672 INFO o.a.j.p.h.s.LazySchemeSocketFactory: Setting up HTTPS TrustAll Socket Factory
2018-07-28 20:23:24,677 INFO o.a.j.u.JsseSSLManager: Using default SSL protocol: TLS
2018-07-28 20:23:24,677 INFO o.a.j.u.JsseSSLManager: SSL session context: per-thread
2018-07-28 20:23:24,977 INFO o.a.j.u.SSLManager: JmeterKeyStore Location:  type JKS
2018-07-28 20:23:24,978 INFO o.a.j.u.SSLManager: KeyStore created OK
2018-07-28 20:23:24,978 WARN o.a.j.u.SSLManager: Keystore file not found, loading empty keystore
2018-07-28 20:23:25,499 INFO o.a.j.t.JMeterThread: Thread is done: Thread Group 1-1
2018-07-28 20:23:25,499 INFO o.a.j.t.JMeterThread: Thread finished: Thread Group 1-1
2018-07-28 20:23:27,527 INFO o.a.j.t.JMeterThread: Thread started: Thread Group 1-2
2018-07-28 20:23:27,903 INFO o.a.j.t.JMeterThread: Thread is done: Thread Group 1-2
2018-07-28 20:23:27,903 INFO o.a.j.t.JMeterThread: Thread finished: Thread Group 1-2
2018-07-28 20:23:30,526 INFO o.a.j.t.JMeterThread: Thread started: Thread Group 1-3
2018-07-28 20:23:30,898 INFO o.a.j.t.JMeterThread: Thread is done: Thread Group 1-3
2018-07-28 20:23:30,898 INFO o.a.j.t.JMeterThread: Thread finished: Thread Group 1-3
2018-07-28 20:23:33,526 INFO o.a.j.t.JMeterThread: Thread started: Thread Group 1-4
2018-07-28 20:23:33,894 INFO o.a.j.t.JMeterThread: Thread is done: Thread Group 1-4
2018-07-28 20:23:33,894 INFO o.a.j.t.JMeterThread: Thread finished: Thread Group 1-4
2018-07-28 20:23:36,527 INFO o.a.j.t.JMeterThread: Thread started: Thread Group 1-5
2018-07-28 20:23:36,899 INFO o.a.j.t.JMeterThread: Thread is done: Thread Group 1-5
2018-07-28 20:23:36,899 INFO o.a.j.t.JMeterThread: Thread finished: Thread Group 1-5
2018-07-28 20:23:39,528 INFO o.a.j.t.JMeterThread: Thread started: Thread Group 1-6
2018-07-28 20:23:39,898 INFO o.a.j.t.JMeterThread: Thread is done: Thread Group 1-6
2018-07-28 20:23:39,898 INFO o.a.j.t.JMeterThread: Thread finished: Thread Group 1-6
2018-07-28 20:23:42,526 INFO o.a.j.t.JMeterThread: Thread started: Thread Group 1-7
2018-07-28 20:23:42,917 INFO o.a.j.t.JMeterThread: Thread is done: Thread Group 1-7
2018-07-28 20:23:42,917 INFO o.a.j.t.JMeterThread: Thread finished: Thread Group 1-7
2018-07-28 20:23:45,526 INFO o.a.j.t.JMeterThread: Thread started: Thread Group 1-8
2018-07-28 20:23:45,902 INFO o.a.j.t.JMeterThread: Thread is done: Thread Group 1-8
2018-07-28 20:23:45,902 INFO o.a.j.t.JMeterThread: Thread finished: Thread Group 1-8
2018-07-28 20:23:48,528 INFO o.a.j.t.JMeterThread: Thread started: Thread Group 1-9
2018-07-28 20:23:48,905 INFO o.a.j.t.JMeterThread: Thread is done: Thread Group 1-9
2018-07-28 20:23:48,905 INFO o.a.j.t.JMeterThread: Thread finished: Thread Group 1-9
2018-07-28 20:23:51,527 INFO o.a.j.t.JMeterThread: Thread started: Thread Group 1-10
2018-07-28 20:23:51,892 INFO o.a.j.t.JMeterThread: Thread is done: Thread Group 1-10
2018-07-28 20:23:51,892 INFO o.a.j.t.JMeterThread: Thread finished: Thread Group 1-10
2018-07-28 20:23:54,529 INFO o.a.j.t.JMeterThread: Thread started: Thread Group 1-11
2018-07-28 20:23:55,027 INFO o.a.j.t.JMeterThread: Thread is done: Thread Group 1-11
2018-07-28 20:23:55,028 INFO o.a.j.t.JMeterThread: Thread finished: Thread Group 1-11
2018-07-28 20:23:57,529 INFO o.a.j.t.JMeterThread: Thread started: Thread Group 1-12
2018-07-28 20:23:57,930 INFO o.a.j.t.JMeterThread: Thread is done: Thread Group 1-12
2018-07-28 20:23:57,930 INFO o.a.j.t.JMeterThread: Thread finished: Thread Group 1-12
2018-07-28 20:24:00,529 INFO o.a.j.t.JMeterThread: Thread started: Thread Group 1-13
2018-07-28 20:24:00,928 INFO o.a.j.t.JMeterThread: Thread is done: Thread Group 1-13
2018-07-28 20:24:00,928 INFO o.a.j.t.JMeterThread: Thread finished: Thread Group 1-13
2018-07-28 20:24:03,527 INFO o.a.j.t.JMeterThread: Thread started: Thread Group 1-14
2018-07-28 20:24:03,865 INFO o.a.j.t.JMeterThread: Thread is done: Thread Group 1-14
2018-07-28 20:24:03,865 INFO o.a.j.t.JMeterThread: Thread finished: Thread Group 1-14
2018-07-28 20:24:06,531 INFO o.a.j.t.JMeterThread: Thread started: Thread Group 1-15
2018-07-28 20:24:06,929 INFO o.a.j.t.JMeterThread: Thread is done: Thread Group 1-15
2018-07-28 20:24:06,930 INFO o.a.j.t.JMeterThread: Thread finished: Thread Group 1-15
2018-07-28 20:24:09,531 INFO o.a.j.t.JMeterThread: Thread started: Thread Group 1-16
2018-07-28 20:24:09,930 INFO o.a.j.t.JMeterThread: Thread is done: Thread Group 1-16
2018-07-28 20:24:09,930 INFO o.a.j.t.JMeterThread: Thread finished: Thread Group 1-16
2018-07-28 20:24:12,530 INFO o.a.j.t.JMeterThread: Thread started: Thread Group 1-17
2018-07-28 20:24:12,940 INFO o.a.j.t.JMeterThread: Thread is done: Thread Group 1-17
2018-07-28 20:24:12,941 INFO o.a.j.t.JMeterThread: Thread finished: Thread Group 1-17
2018-07-28 20:24:15,529 INFO o.a.j.t.JMeterThread: Thread started: Thread Group 1-18
2018-07-28 20:24:15,900 INFO o.a.j.t.JMeterThread: Thread is done: Thread Group 1-18
2018-07-28 20:24:16,007 INFO o.a.j.t.JMeterThread: Thread finished: Thread Group 1-18
2018-07-28 20:24:18,527 INFO o.a.j.t.JMeterThread: Thread started: Thread Group 1-19
2018-07-28 20:24:18,938 INFO o.a.j.t.JMeterThread: Thread is done: Thread Group 1-19
2018-07-28 20:24:18,939 INFO o.a.j.t.JMeterThread: Thread finished: Thread Group 1-19
2018-07-28 20:24:21,530 INFO o.a.j.t.JMeterThread: Thread started: Thread Group 1-20
2018-07-28 20:24:21,928 INFO o.a.j.t.JMeterThread: Thread is done: Thread Group 1-20
2018-07-28 20:24:21,928 INFO o.a.j.t.JMeterThread: Thread finished: Thread Group 1-20
2018-07-28 20:24:21,930 INFO o.a.j.e.StandardJMeterEngine: Notifying test listeners of end of test
2018-07-28 20:24:21,930 INFO o.a.j.g.u.JMeterMenuBar: setRunning(false, *local*)
2018-07-28 20:25:34,664 INFO o.a.j.e.StandardJMeterEngine: Running the test!
2018-07-28 20:25:34,664 INFO o.a.j.s.SampleEvent: List of sample_variables: []
2018-07-28 20:25:34,671 INFO o.a.j.g.u.JMeterMenuBar: setRunning(true, *local*)
2018-07-28 20:25:34,837 INFO o.a.j.e.StandardJMeterEngine: Starting ThreadGroup: 1 : Thread Group
2018-07-28 20:25:34,837 INFO o.a.j.e.StandardJMeterEngine: Starting 20 threads for group Thread Group.
2018-07-28 20:25:34,838 INFO o.a.j.e.StandardJMeterEngine: Thread will continue on error
2018-07-28 20:25:34,838 INFO o.a.j.t.ThreadGroup: Starting thread group... number=1 threads=20 ramp-up=60 perThread=3000.0 delayedStart=false
2018-07-28 20:25:34,838 INFO o.a.j.t.JMeterThread: Thread started: Thread Group 1-1
2018-07-28 20:25:34,853 INFO o.a.j.t.ThreadGroup: Started thread group number 1
2018-07-28 20:25:34,853 INFO o.a.j.e.StandardJMeterEngine: All thread groups have been started
2018-07-28 20:25:35,281 INFO o.a.j.t.JMeterThread: Thread is done: Thread Group 1-1
2018-07-28 20:25:35,281 INFO o.a.j.t.JMeterThread: Thread finished: Thread Group 1-1
2018-07-28 20:25:37,840 INFO o.a.j.t.JMeterThread: Thread started: Thread Group 1-2
2018-07-28 20:25:38,201 INFO o.a.j.t.JMeterThread: Thread is done: Thread Group 1-2
2018-07-28 20:25:38,202 INFO o.a.j.t.JMeterThread: Thread finished: Thread Group 1-2
2018-07-28 20:25:40,843 INFO o.a.j.t.JMeterThread: Thread started: Thread Group 1-3
2018-07-28 20:25:41,236 INFO o.a.j.t.JMeterThread: Thread is done: Thread Group 1-3
2018-07-28 20:25:41,236 INFO o.a.j.t.JMeterThread: Thread finished: Thread Group 1-3
2018-07-28 20:25:41,581 INFO o.a.j.g.a.Start: Stopping test
2018-07-28 20:25:41,603 INFO o.a.j.t.JMeterThread: Stopping: Thread Group 1-6
2018-07-28 20:25:41,604 INFO o.a.j.t.JMeterThread: Stopping: Thread Group 1-15
2018-07-28 20:25:41,604 INFO o.a.j.t.JMeterThread: Stopping: Thread Group 1-9
2018-07-28 20:25:41,604 INFO o.a.j.t.JMeterThread: Stopping: Thread Group 1-17
2018-07-28 20:25:41,604 INFO o.a.j.t.JMeterThread: Thread started: Thread Group 1-6
2018-07-28 20:25:41,604 INFO o.a.j.t.JMeterThread: Stopping: Thread Group 1-8
2018-07-28 20:25:41,604 INFO o.a.j.t.JMeterThread: Stopping: Thread Group 1-7
2018-07-28 20:25:41,604 INFO o.a.j.t.JMeterThread: Thread finished: Thread Group 1-6
2018-07-28 20:25:41,604 INFO o.a.j.t.JMeterThread: Stopping: Thread Group 1-4
2018-07-28 20:25:41,604 INFO o.a.j.t.JMeterThread: Stopping: Thread Group 1-16
2018-07-28 20:25:41,604 INFO o.a.j.t.JMeterThread: Stopping: Thread Group 1-13
2018-07-28 20:25:41,605 INFO o.a.j.t.JMeterThread: Stopping: Thread Group 1-10
2018-07-28 20:25:41,605 INFO o.a.j.t.JMeterThread: Stopping: Thread Group 1-11
2018-07-28 20:25:41,605 INFO o.a.j.t.JMeterThread: Stopping: Thread Group 1-18
2018-07-28 20:25:41,605 INFO o.a.j.t.JMeterThread: Stopping: Thread Group 1-14
2018-07-28 20:25:41,605 INFO o.a.j.t.JMeterThread: Thread started: Thread Group 1-9
2018-07-28 20:25:41,605 INFO o.a.j.t.JMeterThread: Stopping: Thread Group 1-5
2018-07-28 20:25:41,605 INFO o.a.j.t.JMeterThread: Stopping: Thread Group 1-19
2018-07-28 20:25:41,605 INFO o.a.j.t.JMeterThread: Stopping: Thread Group 1-20
2018-07-28 20:25:41,605 INFO o.a.j.t.JMeterThread: Thread finished: Thread Group 1-9
2018-07-28 20:25:41,605 INFO o.a.j.t.JMeterThread: Stopping: Thread Group 1-12
2018-07-28 20:25:41,606 INFO o.a.j.t.JMeterThread: Thread started: Thread Group 1-17
2018-07-28 20:25:41,605 INFO o.a.j.t.JMeterThread: Thread started: Thread Group 1-15
2018-07-28 20:25:41,606 INFO o.a.j.t.JMeterThread: Thread started: Thread Group 1-8
2018-07-28 20:25:41,606 INFO o.a.j.t.JMeterThread: Thread started: Thread Group 1-7
2018-07-28 20:25:41,607 INFO o.a.j.t.JMeterThread: Thread finished: Thread Group 1-15
2018-07-28 20:25:41,607 INFO o.a.j.t.JMeterThread: Thread finished: Thread Group 1-7
2018-07-28 20:25:41,607 INFO o.a.j.t.JMeterThread: Thread started: Thread Group 1-4
2018-07-28 20:25:41,607 INFO o.a.j.t.JMeterThread: Thread finished: Thread Group 1-4
2018-07-28 20:25:41,607 INFO o.a.j.t.JMeterThread: Thread finished: Thread Group 1-8
2018-07-28 20:25:41,607 INFO o.a.j.t.JMeterThread: Thread finished: Thread Group 1-17
2018-07-28 20:25:41,608 INFO o.a.j.t.JMeterThread: Thread started: Thread Group 1-13
2018-07-28 20:25:41,608 INFO o.a.j.t.JMeterThread: Thread started: Thread Group 1-16
2018-07-28 20:25:41,608 INFO o.a.j.t.JMeterThread: Thread finished: Thread Group 1-13
2018-07-28 20:25:41,608 INFO o.a.j.t.JMeterThread: Thread started: Thread Group 1-10
2018-07-28 20:25:41,609 INFO o.a.j.t.JMeterThread: Thread finished: Thread Group 1-10
2018-07-28 20:25:41,609 INFO o.a.j.t.JMeterThread: Thread finished: Thread Group 1-16
2018-07-28 20:25:41,609 INFO o.a.j.t.JMeterThread: Thread started: Thread Group 1-11
2018-07-28 20:25:41,609 INFO o.a.j.t.JMeterThread: Thread started: Thread Group 1-14
2018-07-28 20:25:41,609 INFO o.a.j.t.JMeterThread: Thread finished: Thread Group 1-11
2018-07-28 20:25:41,609 INFO o.a.j.t.JMeterThread: Thread finished: Thread Group 1-14
2018-07-28 20:25:41,609 INFO o.a.j.t.JMeterThread: Thread started: Thread Group 1-5
2018-07-28 20:25:41,609 INFO o.a.j.t.JMeterThread: Thread finished: Thread Group 1-5
2018-07-28 20:25:41,609 INFO o.a.j.t.JMeterThread: Thread started: Thread Group 1-19
2018-07-28 20:25:41,609 INFO o.a.j.t.JMeterThread: Thread started: Thread Group 1-20
2018-07-28 20:25:41,610 INFO o.a.j.t.JMeterThread: Thread finished: Thread Group 1-19
2018-07-28 20:25:41,610 INFO o.a.j.t.JMeterThread: Thread finished: Thread Group 1-20
2018-07-28 20:25:41,610 INFO o.a.j.t.JMeterThread: Thread started: Thread Group 1-12
2018-07-28 20:25:41,610 INFO o.a.j.t.JMeterThread: Thread finished: Thread Group 1-12
2018-07-28 20:25:41,610 INFO o.a.j.t.JMeterThread: Thread started: Thread Group 1-18
2018-07-28 20:25:41,610 INFO o.a.j.t.JMeterThread: Thread finished: Thread Group 1-18
2018-07-28 20:25:41,611 INFO o.a.j.e.StandardJMeterEngine: Notifying test listeners of end of test
2018-07-28 20:25:41,611 INFO o.a.j.g.u.JMeterMenuBar: setRunning(false, *local*)
2018-07-28 20:25:49,145 INFO o.a.j.e.StandardJMeterEngine: Running the test!
2018-07-28 20:25:49,146 INFO o.a.j.s.SampleEvent: List of sample_variables: []
2018-07-28 20:25:49,149 INFO o.a.j.g.u.JMeterMenuBar: setRunning(true, *local*)
2018-07-28 20:25:49,267 INFO o.a.j.e.StandardJMeterEngine: Starting ThreadGroup: 1 : Thread Group
2018-07-28 20:25:49,268 INFO o.a.j.e.StandardJMeterEngine: Starting 20 threads for group Thread Group.
2018-07-28 20:25:49,268 INFO o.a.j.e.StandardJMeterEngine: Thread will continue on error
2018-07-28 20:25:49,269 INFO o.a.j.t.ThreadGroup: Starting thread group... number=1 threads=20 ramp-up=60 perThread=3000.0 delayedStart=false
2018-07-28 20:25:49,272 INFO o.a.j.t.JMeterThread: Thread started: Thread Group 1-1
2018-07-28 20:25:49,282 INFO o.a.j.t.ThreadGroup: Started thread group number 1
2018-07-28 20:25:49,283 INFO o.a.j.e.StandardJMeterEngine: All thread groups have been started
2018-07-28 20:25:49,688 INFO o.a.j.t.JMeterThread: Thread is done: Thread Group 1-1
2018-07-28 20:25:49,688 INFO o.a.j.t.JMeterThread: Thread finished: Thread Group 1-1
2018-07-28 20:25:52,277 INFO o.a.j.t.JMeterThread: Thread started: Thread Group 1-2
2018-07-28 20:25:52,662 INFO o.a.j.t.JMeterThread: Thread is done: Thread Group 1-2
2018-07-28 20:25:52,662 INFO o.a.j.t.JMeterThread: Thread finished: Thread Group 1-2
2018-07-28 20:25:55,277 INFO o.a.j.t.JMeterThread: Thread started: Thread Group 1-3
2018-07-28 20:25:55,641 INFO o.a.j.t.JMeterThread: Thread is done: Thread Group 1-3
2018-07-28 20:25:55,641 INFO o.a.j.t.JMeterThread: Thread finished: Thread Group 1-3
2018-07-28 20:25:58,276 INFO o.a.j.t.JMeterThread: Thread started: Thread Group 1-4
2018-07-28 20:25:58,621 INFO o.a.j.t.JMeterThread: Thread is done: Thread Group 1-4
2018-07-28 20:25:58,622 INFO o.a.j.t.JMeterThread: Thread finished: Thread Group 1-4
2018-07-28 20:26:01,278 INFO o.a.j.t.JMeterThread: Thread started: Thread Group 1-5
2018-07-28 20:26:01,618 INFO o.a.j.t.JMeterThread: Thread is done: Thread Group 1-5
2018-07-28 20:26:01,619 INFO o.a.j.t.JMeterThread: Thread finished: Thread Group 1-5
2018-07-28 20:26:04,278 INFO o.a.j.t.JMeterThread: Thread started: Thread Group 1-6
2018-07-28 20:26:04,656 INFO o.a.j.t.JMeterThread: Thread is done: Thread Group 1-6
2018-07-28 20:26:04,656 INFO o.a.j.t.JMeterThread: Thread finished: Thread Group 1-6
2018-07-28 20:26:07,277 INFO o.a.j.t.JMeterThread: Thread started: Thread Group 1-7
2018-07-28 20:26:07,633 INFO o.a.j.t.JMeterThread: Thread is done: Thread Group 1-7
2018-07-28 20:26:07,633 INFO o.a.j.t.JMeterThread: Thread finished: Thread Group 1-7
2018-07-28 20:26:10,279 INFO o.a.j.t.JMeterThread: Thread started: Thread Group 1-8
2018-07-28 20:26:10,675 INFO o.a.j.t.JMeterThread: Thread is done: Thread Group 1-8
2018-07-28 20:26:10,675 INFO o.a.j.t.JMeterThread: Thread finished: Thread Group 1-8
2018-07-28 20:26:13,280 INFO o.a.j.t.JMeterThread: Thread started: Thread Group 1-9
2018-07-28 20:26:13,671 INFO o.a.j.t.JMeterThread: Thread is done: Thread Group 1-9
2018-07-28 20:26:13,671 INFO o.a.j.t.JMeterThread: Thread finished: Thread Group 1-9
2018-07-28 20:26:16,281 INFO o.a.j.t.JMeterThread: Thread started: Thread Group 1-10
2018-07-28 20:26:16,677 INFO o.a.j.t.JMeterThread: Thread is done: Thread Group 1-10
2018-07-28 20:26:16,677 INFO o.a.j.t.JMeterThread: Thread finished: Thread Group 1-10
2018-07-28 20:26:19,281 INFO o.a.j.t.JMeterThread: Thread started: Thread Group 1-11
2018-07-28 20:26:19,649 INFO o.a.j.t.JMeterThread: Thread is done: Thread Group 1-11
2018-07-28 20:26:19,650 INFO o.a.j.t.JMeterThread: Thread finished: Thread Group 1-11
2018-07-28 20:26:22,282 INFO o.a.j.t.JMeterThread: Thread started: Thread Group 1-12
2018-07-28 20:26:22,660 INFO o.a.j.t.JMeterThread: Thread is done: Thread Group 1-12
2018-07-28 20:26:22,660 INFO o.a.j.t.JMeterThread: Thread finished: Thread Group 1-12
2018-07-28 20:26:25,282 INFO o.a.j.t.JMeterThread: Thread started: Thread Group 1-13
2018-07-28 20:26:25,645 INFO o.a.j.t.JMeterThread: Thread is done: Thread Group 1-13
2018-07-28 20:26:25,646 INFO o.a.j.t.JMeterThread: Thread finished: Thread Group 1-13
2018-07-28 20:26:28,282 INFO o.a.j.t.JMeterThread: Thread started: Thread Group 1-14
2018-07-28 20:26:28,668 INFO o.a.j.t.JMeterThread: Thread is done: Thread Group 1-14
2018-07-28 20:26:28,668 INFO o.a.j.t.JMeterThread: Thread finished: Thread Group 1-14
2018-07-28 20:26:31,282 INFO o.a.j.t.JMeterThread: Thread started: Thread Group 1-15
2018-07-28 20:26:31,654 INFO o.a.j.t.JMeterThread: Thread is done: Thread Group 1-15
2018-07-28 20:26:31,654 INFO o.a.j.t.JMeterThread: Thread finished: Thread Group 1-15
2018-07-28 20:26:34,284 INFO o.a.j.t.JMeterThread: Thread started: Thread Group 1-16
2018-07-28 20:26:34,665 INFO o.a.j.t.JMeterThread: Thread is done: Thread Group 1-16
2018-07-28 20:26:34,665 INFO o.a.j.t.JMeterThread: Thread finished: Thread Group 1-16
2018-07-28 20:26:37,285 INFO o.a.j.t.JMeterThread: Thread started: Thread Group 1-17
2018-07-28 20:26:37,647 INFO o.a.j.t.JMeterThread: Thread is done: Thread Group 1-17
2018-07-28 20:26:37,647 INFO o.a.j.t.JMeterThread: Thread finished: Thread Group 1-17
2018-07-28 20:26:40,286 INFO o.a.j.t.JMeterThread: Thread started: Thread Group 1-18
2018-07-28 20:26:40,680 INFO o.a.j.t.JMeterThread: Thread is done: Thread Group 1-18
2018-07-28 20:26:40,681 INFO o.a.j.t.JMeterThread: Thread finished: Thread Group 1-18
2018-07-28 20:26:43,283 INFO o.a.j.t.JMeterThread: Thread started: Thread Group 1-19
2018-07-28 20:26:43,668 INFO o.a.j.t.JMeterThread: Thread is done: Thread Group 1-19
2018-07-28 20:26:43,668 INFO o.a.j.t.JMeterThread: Thread finished: Thread Group 1-19
2018-07-28 20:26:46,289 INFO o.a.j.t.JMeterThread: Thread started: Thread Group 1-20
2018-07-28 20:26:46,652 INFO o.a.j.t.JMeterThread: Thread is done: Thread Group 1-20
2018-07-28 20:26:46,653 INFO o.a.j.t.JMeterThread: Thread finished: Thread Group 1-20
2018-07-28 20:26:46,653 INFO o.a.j.e.StandardJMeterEngine: Notifying test listeners of end of test
2018-07-28 20:26:46,653 INFO o.a.j.g.u.JMeterMenuBar: setRunning(false, *local*)
2018-07-28 20:27:04,606 INFO o.a.j.e.StandardJMeterEngine: Running the test!
2018-07-28 20:27:04,607 INFO o.a.j.s.SampleEvent: List of sample_variables: []
2018-07-28 20:27:04,609 INFO o.a.j.g.u.JMeterMenuBar: setRunning(true, *local*)
2018-07-28 20:27:04,744 INFO o.a.j.e.StandardJMeterEngine: Starting ThreadGroup: 1 : Thread Group
2018-07-28 20:27:04,744 INFO o.a.j.e.StandardJMeterEngine: Starting 20 threads for group Thread Group.
2018-07-28 20:27:04,744 INFO o.a.j.e.StandardJMeterEngine: Thread will continue on error
2018-07-28 20:27:04,745 INFO o.a.j.t.ThreadGroup: Starting thread group... number=1 threads=20 ramp-up=60 perThread=3000.0 delayedStart=false
2018-07-28 20:27:04,747 INFO o.a.j.t.JMeterThread: Thread started: Thread Group 1-1
2018-07-28 20:27:04,755 INFO o.a.j.t.ThreadGroup: Started thread group number 1
2018-07-28 20:27:04,755 INFO o.a.j.e.StandardJMeterEngine: All thread groups have been started
2018-07-28 20:27:05,268 INFO o.a.j.t.JMeterThread: Thread is done: Thread Group 1-1
2018-07-28 20:27:05,268 INFO o.a.j.t.JMeterThread: Thread finished: Thread Group 1-1
2018-07-28 20:27:07,751 INFO o.a.j.t.JMeterThread: Thread started: Thread Group 1-2
2018-07-28 20:27:08,043 INFO o.a.j.t.JMeterThread: Thread is done: Thread Group 1-2
2018-07-28 20:27:08,044 INFO o.a.j.t.JMeterThread: Thread finished: Thread Group 1-2
2018-07-28 20:27:10,752 INFO o.a.j.t.JMeterThread: Thread started: Thread Group 1-3
2018-07-28 20:27:11,002 INFO o.a.j.t.JMeterThread: Thread is done: Thread Group 1-3
2018-07-28 20:27:11,002 INFO o.a.j.t.JMeterThread: Thread finished: Thread Group 1-3
2018-07-28 20:27:13,752 INFO o.a.j.t.JMeterThread: Thread started: Thread Group 1-4
2018-07-28 20:27:13,979 INFO o.a.j.t.JMeterThread: Thread is done: Thread Group 1-4
2018-07-28 20:27:13,979 INFO o.a.j.t.JMeterThread: Thread finished: Thread Group 1-4
2018-07-28 20:27:16,754 INFO o.a.j.t.JMeterThread: Thread started: Thread Group 1-5
2018-07-28 20:27:17,007 INFO o.a.j.t.JMeterThread: Thread is done: Thread Group 1-5
2018-07-28 20:27:17,007 INFO o.a.j.t.JMeterThread: Thread finished: Thread Group 1-5
2018-07-28 20:27:19,753 INFO o.a.j.t.JMeterThread: Thread started: Thread Group 1-6
2018-07-28 20:27:19,999 INFO o.a.j.t.JMeterThread: Thread is done: Thread Group 1-6
2018-07-28 20:27:20,000 INFO o.a.j.t.JMeterThread: Thread finished: Thread Group 1-6
2018-07-28 20:27:22,756 INFO o.a.j.t.JMeterThread: Thread started: Thread Group 1-7
2018-07-28 20:27:23,005 INFO o.a.j.t.JMeterThread: Thread is done: Thread Group 1-7
2018-07-28 20:27:23,005 INFO o.a.j.t.JMeterThread: Thread finished: Thread Group 1-7
2018-07-28 20:27:25,756 INFO o.a.j.t.JMeterThread: Thread started: Thread Group 1-8
2018-07-28 20:27:26,006 INFO o.a.j.t.JMeterThread: Thread is done: Thread Group 1-8
2018-07-28 20:27:26,007 INFO o.a.j.t.JMeterThread: Thread finished: Thread Group 1-8
2018-07-28 20:27:28,756 INFO o.a.j.t.JMeterThread: Thread started: Thread Group 1-9
2018-07-28 20:27:29,033 INFO o.a.j.t.JMeterThread: Thread is done: Thread Group 1-9
2018-07-28 20:27:29,033 INFO o.a.j.t.JMeterThread: Thread finished: Thread Group 1-9
2018-07-28 20:27:31,754 INFO o.a.j.t.JMeterThread: Thread started: Thread Group 1-10
2018-07-28 20:27:32,057 INFO o.a.j.t.JMeterThread: Thread is done: Thread Group 1-10
2018-07-28 20:27:32,057 INFO o.a.j.t.JMeterThread: Thread finished: Thread Group 1-10
2018-07-28 20:27:34,752 INFO o.a.j.t.JMeterThread: Thread started: Thread Group 1-11
2018-07-28 20:27:35,014 INFO o.a.j.t.JMeterThread: Thread is done: Thread Group 1-11
2018-07-28 20:27:35,014 INFO o.a.j.t.JMeterThread: Thread finished: Thread Group 1-11
2018-07-28 20:27:37,757 INFO o.a.j.t.JMeterThread: Thread started: Thread Group 1-12
2018-07-28 20:27:37,989 INFO o.a.j.t.JMeterThread: Thread is done: Thread Group 1-12
2018-07-28 20:27:37,989 INFO o.a.j.t.JMeterThread: Thread finished: Thread Group 1-12
2018-07-28 20:27:40,756 INFO o.a.j.t.JMeterThread: Thread started: Thread Group 1-13
2018-07-28 20:27:41,048 INFO o.a.j.t.JMeterThread: Thread is done: Thread Group 1-13
2018-07-28 20:27:41,048 INFO o.a.j.t.JMeterThread: Thread finished: Thread Group 1-13
2018-07-28 20:27:43,758 INFO o.a.j.t.JMeterThread: Thread started: Thread Group 1-14
2018-07-28 20:27:44,023 INFO o.a.j.t.JMeterThread: Thread is done: Thread Group 1-14
2018-07-28 20:27:44,023 INFO o.a.j.t.JMeterThread: Thread finished: Thread Group 1-14
2018-07-28 20:27:46,754 INFO o.a.j.t.JMeterThread: Thread started: Thread Group 1-15
2018-07-28 20:27:47,011 INFO o.a.j.t.JMeterThread: Thread is done: Thread Group 1-15
2018-07-28 20:27:47,011 INFO o.a.j.t.JMeterThread: Thread finished: Thread Group 1-15
2018-07-28 20:27:49,758 INFO o.a.j.t.JMeterThread: Thread started: Thread Group 1-16
2018-07-28 20:27:49,984 INFO o.a.j.t.JMeterThread: Thread is done: Thread Group 1-16
2018-07-28 20:27:49,984 INFO o.a.j.t.JMeterThread: Thread finished: Thread Group 1-16
2018-07-28 20:27:52,759 INFO o.a.j.t.JMeterThread: Thread started: Thread Group 1-17
2018-07-28 20:27:52,987 INFO o.a.j.t.JMeterThread: Thread is done: Thread Group 1-17
2018-07-28 20:27:52,987 INFO o.a.j.t.JMeterThread: Thread finished: Thread Group 1-17
2018-07-28 20:27:55,756 INFO o.a.j.t.JMeterThread: Thread started: Thread Group 1-18
2018-07-28 20:27:56,003 INFO o.a.j.t.JMeterThread: Thread is done: Thread Group 1-18
2018-07-28 20:27:56,004 INFO o.a.j.t.JMeterThread: Thread finished: Thread Group 1-18
2018-07-28 20:27:58,760 INFO o.a.j.t.JMeterThread: Thread started: Thread Group 1-19
2018-07-28 20:27:59,039 INFO o.a.j.t.JMeterThread: Thread is done: Thread Group 1-19
2018-07-28 20:27:59,039 INFO o.a.j.t.JMeterThread: Thread finished: Thread Group 1-19
2018-07-28 20:28:01,757 INFO o.a.j.t.JMeterThread: Thread started: Thread Group 1-20
2018-07-28 20:28:01,990 INFO o.a.j.t.JMeterThread: Thread is done: Thread Group 1-20
2018-07-28 20:28:01,990 INFO o.a.j.t.JMeterThread: Thread finished: Thread Group 1-20
2018-07-28 20:28:01,990 INFO o.a.j.e.StandardJMeterEngine: Notifying test listeners of end of test
2018-07-28 20:28:01,990 INFO o.a.j.g.u.JMeterMenuBar: setRunning(false, *local*)
2018-07-28 20:29:12,797 INFO o.a.j.e.StandardJMeterEngine: Running the test!
2018-07-28 20:29:12,798 INFO o.a.j.s.SampleEvent: List of sample_variables: []
2018-07-28 20:29:12,800 INFO o.a.j.g.u.JMeterMenuBar: setRunning(true, *local*)
2018-07-28 20:29:12,921 INFO o.a.j.e.StandardJMeterEngine: Starting ThreadGroup: 1 : Thread Group
2018-07-28 20:29:12,922 INFO o.a.j.e.StandardJMeterEngine: Starting 20 threads for group Thread Group.
2018-07-28 20:29:12,923 INFO o.a.j.e.StandardJMeterEngine: Thread will continue on error
2018-07-28 20:29:12,923 INFO o.a.j.t.ThreadGroup: Starting thread group... number=1 threads=20 ramp-up=60 perThread=3000.0 delayedStart=false
2018-07-28 20:29:12,927 INFO o.a.j.t.JMeterThread: Thread started: Thread Group 1-1
2018-07-28 20:29:12,938 INFO o.a.j.t.ThreadGroup: Started thread group number 1
2018-07-28 20:29:12,938 INFO o.a.j.e.StandardJMeterEngine: All thread groups have been started
2018-07-28 20:29:13,295 INFO o.a.j.t.JMeterThread: Thread is done: Thread Group 1-1
2018-07-28 20:29:13,295 INFO o.a.j.t.JMeterThread: Thread finished: Thread Group 1-1
2018-07-28 20:29:15,932 INFO o.a.j.t.JMeterThread: Thread started: Thread Group 1-2
2018-07-28 20:29:16,288 INFO o.a.j.t.JMeterThread: Thread is done: Thread Group 1-2
2018-07-28 20:29:16,290 INFO o.a.j.t.JMeterThread: Thread finished: Thread Group 1-2
2018-07-28 20:29:18,933 INFO o.a.j.t.JMeterThread: Thread started: Thread Group 1-3
2018-07-28 20:29:19,338 INFO o.a.j.t.JMeterThread: Thread is done: Thread Group 1-3
2018-07-28 20:29:19,338 INFO o.a.j.t.JMeterThread: Thread finished: Thread Group 1-3
2018-07-28 20:29:21,937 INFO o.a.j.t.JMeterThread: Thread started: Thread Group 1-4
2018-07-28 20:29:22,314 INFO o.a.j.t.JMeterThread: Thread is done: Thread Group 1-4
2018-07-28 20:29:22,314 INFO o.a.j.t.JMeterThread: Thread finished: Thread Group 1-4
2018-07-28 20:29:24,934 INFO o.a.j.t.JMeterThread: Thread started: Thread Group 1-5
2018-07-28 20:29:25,264 INFO o.a.j.t.JMeterThread: Thread is done: Thread Group 1-5
2018-07-28 20:29:25,264 INFO o.a.j.t.JMeterThread: Thread finished: Thread Group 1-5
2018-07-28 20:29:27,935 INFO o.a.j.t.JMeterThread: Thread started: Thread Group 1-6
2018-07-28 20:29:28,355 INFO o.a.j.t.JMeterThread: Thread is done: Thread Group 1-6
2018-07-28 20:29:28,355 INFO o.a.j.t.JMeterThread: Thread finished: Thread Group 1-6
2018-07-28 20:29:30,936 INFO o.a.j.t.JMeterThread: Thread started: Thread Group 1-7
2018-07-28 20:29:31,318 INFO o.a.j.t.JMeterThread: Thread is done: Thread Group 1-7
2018-07-28 20:29:31,319 INFO o.a.j.t.JMeterThread: Thread finished: Thread Group 1-7
2018-07-28 20:29:32,881 INFO o.a.j.g.a.Start: Stopping test
2018-07-28 20:29:32,906 INFO o.a.j.t.JMeterThread: Stopping: Thread Group 1-20
2018-07-28 20:29:32,906 INFO o.a.j.t.JMeterThread: Stopping: Thread Group 1-13
2018-07-28 20:29:32,906 INFO o.a.j.t.JMeterThread: Stopping: Thread Group 1-9
2018-07-28 20:29:32,906 INFO o.a.j.t.JMeterThread: Stopping: Thread Group 1-10
2018-07-28 20:29:32,906 INFO o.a.j.t.JMeterThread: Stopping: Thread Group 1-18
2018-07-28 20:29:32,907 INFO o.a.j.t.JMeterThread: Stopping: Thread Group 1-14
2018-07-28 20:29:32,907 INFO o.a.j.t.JMeterThread: Stopping: Thread Group 1-17
2018-07-28 20:29:32,907 INFO o.a.j.t.JMeterThread: Thread started: Thread Group 1-20
2018-07-28 20:29:32,907 INFO o.a.j.t.JMeterThread: Thread started: Thread Group 1-13
2018-07-28 20:29:32,907 INFO o.a.j.t.JMeterThread: Thread finished: Thread Group 1-13
2018-07-28 20:29:32,907 INFO o.a.j.t.JMeterThread: Stopping: Thread Group 1-16
2018-07-28 20:29:32,907 INFO o.a.j.t.JMeterThread: Thread started: Thread Group 1-17
2018-07-28 20:29:32,907 INFO o.a.j.t.JMeterThread: Thread started: Thread Group 1-14
2018-07-28 20:29:32,908 INFO o.a.j.t.JMeterThread: Stopping: Thread Group 1-15
2018-07-28 20:29:32,907 INFO o.a.j.t.JMeterThread: Thread started: Thread Group 1-18
2018-07-28 20:29:32,908 INFO o.a.j.t.JMeterThread: Stopping: Thread Group 1-11
2018-07-28 20:29:32,908 INFO o.a.j.t.JMeterThread: Thread finished: Thread Group 1-14
2018-07-28 20:29:32,908 INFO o.a.j.t.JMeterThread: Stopping: Thread Group 1-12
2018-07-28 20:29:32,908 INFO o.a.j.t.JMeterThread: Thread finished: Thread Group 1-18
2018-07-28 20:29:32,908 INFO o.a.j.t.JMeterThread: Stopping: Thread Group 1-19
2018-07-28 20:29:32,908 INFO o.a.j.t.JMeterThread: Thread started: Thread Group 1-16
2018-07-28 20:29:32,908 INFO o.a.j.t.JMeterThread: Thread started: Thread Group 1-19
2018-07-28 20:29:32,909 INFO o.a.j.t.JMeterThread: Thread started: Thread Group 1-11
2018-07-28 20:29:32,909 INFO o.a.j.t.JMeterThread: Thread finished: Thread Group 1-16
2018-07-28 20:29:32,909 INFO o.a.j.t.JMeterThread: Thread finished: Thread Group 1-11
2018-07-28 20:29:32,908 INFO o.a.j.t.JMeterThread: Thread started: Thread Group 1-10
2018-07-28 20:29:32,908 INFO o.a.j.t.JMeterThread: Stopping: Thread Group 1-8
2018-07-28 20:29:32,910 INFO o.a.j.t.JMeterThread: Thread finished: Thread Group 1-10
2018-07-28 20:29:32,907 INFO o.a.j.t.JMeterThread: Thread started: Thread Group 1-9
2018-07-28 20:29:32,910 INFO o.a.j.t.JMeterThread: Thread started: Thread Group 1-8
2018-07-28 20:29:32,910 INFO o.a.j.t.JMeterThread: Thread finished: Thread Group 1-9
2018-07-28 20:29:32,909 INFO o.a.j.t.JMeterThread: Thread finished: Thread Group 1-17
2018-07-28 20:29:32,909 INFO o.a.j.t.JMeterThread: Thread started: Thread Group 1-15
2018-07-28 20:29:32,909 INFO o.a.j.t.JMeterThread: Thread started: Thread Group 1-12
2018-07-28 20:29:32,907 INFO o.a.j.t.JMeterThread: Thread finished: Thread Group 1-20
2018-07-28 20:29:32,911 INFO o.a.j.t.JMeterThread: Thread finished: Thread Group 1-19
2018-07-28 20:29:32,911 INFO o.a.j.t.JMeterThread: Thread finished: Thread Group 1-15
2018-07-28 20:29:32,911 INFO o.a.j.t.JMeterThread: Thread finished: Thread Group 1-12
2018-07-28 20:29:32,911 INFO o.a.j.t.JMeterThread: Thread finished: Thread Group 1-8
2018-07-28 20:29:32,912 INFO o.a.j.e.StandardJMeterEngine: Notifying test listeners of end of test
2018-07-28 20:29:32,913 INFO o.a.j.g.u.JMeterMenuBar: setRunning(false, *local*)
2018-07-28 20:29:45,613 INFO o.a.j.e.StandardJMeterEngine: Running the test!
2018-07-28 20:29:45,613 INFO o.a.j.s.SampleEvent: List of sample_variables: []
2018-07-28 20:29:45,614 INFO o.a.j.g.u.JMeterMenuBar: setRunning(true, *local*)
2018-07-28 20:29:45,721 INFO o.a.j.e.StandardJMeterEngine: Starting ThreadGroup: 1 : Thread Group
2018-07-28 20:29:45,722 INFO o.a.j.e.StandardJMeterEngine: Starting 20 threads for group Thread Group.
2018-07-28 20:29:45,723 INFO o.a.j.e.StandardJMeterEngine: Thread will continue on error
2018-07-28 20:29:45,723 INFO o.a.j.t.ThreadGroup: Starting thread group... number=1 threads=20 ramp-up=60 perThread=3000.0 delayedStart=false
2018-07-28 20:29:45,724 INFO o.a.j.t.JMeterThread: Thread started: Thread Group 1-1
2018-07-28 20:29:45,732 INFO o.a.j.t.ThreadGroup: Started thread group number 1
2018-07-28 20:29:45,732 INFO o.a.j.e.StandardJMeterEngine: All thread groups have been started
2018-07-28 20:29:46,195 INFO o.a.j.t.JMeterThread: Thread is done: Thread Group 1-1
2018-07-28 20:29:46,197 INFO o.a.j.t.JMeterThread: Thread finished: Thread Group 1-1
2018-07-28 20:29:48,729 INFO o.a.j.t.JMeterThread: Thread started: Thread Group 1-2
2018-07-28 20:29:48,975 INFO o.a.j.t.JMeterThread: Thread is done: Thread Group 1-2
2018-07-28 20:29:48,976 INFO o.a.j.t.JMeterThread: Thread finished: Thread Group 1-2
2018-07-28 20:29:51,730 INFO o.a.j.t.JMeterThread: Thread started: Thread Group 1-3
2018-07-28 20:29:51,973 INFO o.a.j.t.JMeterThread: Thread is done: Thread Group 1-3
2018-07-28 20:29:51,973 INFO o.a.j.t.JMeterThread: Thread finished: Thread Group 1-3
2018-07-28 20:29:54,731 INFO o.a.j.t.JMeterThread: Thread started: Thread Group 1-4
2018-07-28 20:29:54,978 INFO o.a.j.t.JMeterThread: Thread is done: Thread Group 1-4
2018-07-28 20:29:54,978 INFO o.a.j.t.JMeterThread: Thread finished: Thread Group 1-4
2018-07-28 20:29:57,731 INFO o.a.j.t.JMeterThread: Thread started: Thread Group 1-5
2018-07-28 20:29:57,966 INFO o.a.j.t.JMeterThread: Thread is done: Thread Group 1-5
2018-07-28 20:29:57,966 INFO o.a.j.t.JMeterThread: Thread finished: Thread Group 1-5
2018-07-28 20:30:00,732 INFO o.a.j.t.JMeterThread: Thread started: Thread Group 1-6
2018-07-28 20:30:00,958 INFO o.a.j.t.JMeterThread: Thread is done: Thread Group 1-6
2018-07-28 20:30:00,958 INFO o.a.j.t.JMeterThread: Thread finished: Thread Group 1-6
2018-07-28 20:30:03,729 INFO o.a.j.t.JMeterThread: Thread started: Thread Group 1-7
2018-07-28 20:30:03,966 INFO o.a.j.t.JMeterThread: Thread is done: Thread Group 1-7
2018-07-28 20:30:03,966 INFO o.a.j.t.JMeterThread: Thread finished: Thread Group 1-7
2018-07-28 20:30:06,730 INFO o.a.j.t.JMeterThread: Thread started: Thread Group 1-8
2018-07-28 20:30:06,945 INFO o.a.j.t.JMeterThread: Thread is done: Thread Group 1-8
2018-07-28 20:30:06,945 INFO o.a.j.t.JMeterThread: Thread finished: Thread Group 1-8
2018-07-28 20:30:09,732 INFO o.a.j.t.JMeterThread: Thread started: Thread Group 1-9
2018-07-28 20:30:09,960 INFO o.a.j.t.JMeterThread: Thread is done: Thread Group 1-9
2018-07-28 20:30:09,960 INFO o.a.j.t.JMeterThread: Thread finished: Thread Group 1-9
2018-07-28 20:30:11,441 INFO o.a.j.g.a.Start: Stopping test
2018-07-28 20:30:11,464 INFO o.a.j.t.JMeterThread: Stopping: Thread Group 1-20
2018-07-28 20:30:11,464 INFO o.a.j.t.JMeterThread: Stopping: Thread Group 1-11
2018-07-28 20:30:11,465 INFO o.a.j.t.JMeterThread: Stopping: Thread Group 1-14
2018-07-28 20:30:11,465 INFO o.a.j.t.JMeterThread: Stopping: Thread Group 1-19
2018-07-28 20:30:11,465 INFO o.a.j.t.JMeterThread: Thread started: Thread Group 1-20
2018-07-28 20:30:11,465 INFO o.a.j.t.JMeterThread: Stopping: Thread Group 1-17
2018-07-28 20:30:11,465 INFO o.a.j.t.JMeterThread: Stopping: Thread Group 1-10
2018-07-28 20:30:11,465 INFO o.a.j.t.JMeterThread: Stopping: Thread Group 1-16
2018-07-28 20:30:11,465 INFO o.a.j.t.JMeterThread: Stopping: Thread Group 1-12
2018-07-28 20:30:11,465 INFO o.a.j.t.JMeterThread: Stopping: Thread Group 1-13
2018-07-28 20:30:11,465 INFO o.a.j.t.JMeterThread: Stopping: Thread Group 1-15
2018-07-28 20:30:11,465 INFO o.a.j.t.JMeterThread: Stopping: Thread Group 1-18
2018-07-28 20:30:11,465 INFO o.a.j.t.JMeterThread: Thread finished: Thread Group 1-20
2018-07-28 20:30:11,466 INFO o.a.j.t.JMeterThread: Thread started: Thread Group 1-10
2018-07-28 20:30:11,467 INFO o.a.j.t.JMeterThread: Thread started: Thread Group 1-15
2018-07-28 20:30:11,467 INFO o.a.j.t.JMeterThread: Thread started: Thread Group 1-16
2018-07-28 20:30:11,467 INFO o.a.j.t.JMeterThread: Thread finished: Thread Group 1-10
2018-07-28 20:30:11,467 INFO o.a.j.t.JMeterThread: Thread finished: Thread Group 1-16
2018-07-28 20:30:11,466 INFO o.a.j.t.JMeterThread: Thread started: Thread Group 1-13
2018-07-28 20:30:11,466 INFO o.a.j.t.JMeterThread: Thread started: Thread Group 1-17
2018-07-28 20:30:11,467 INFO o.a.j.t.JMeterThread: Thread finished: Thread Group 1-17
2018-07-28 20:30:11,467 INFO o.a.j.t.JMeterThread: Thread started: Thread Group 1-19
2018-07-28 20:30:11,474 INFO o.a.j.t.JMeterThread: Thread finished: Thread Group 1-19
2018-07-28 20:30:11,474 INFO o.a.j.t.JMeterThread: Thread finished: Thread Group 1-15
2018-07-28 20:30:11,466 INFO o.a.j.t.JMeterThread: Thread started: Thread Group 1-14
2018-07-28 20:30:11,475 INFO o.a.j.t.JMeterThread: Thread finished: Thread Group 1-14
2018-07-28 20:30:11,466 INFO o.a.j.t.JMeterThread: Thread started: Thread Group 1-18
2018-07-28 20:30:11,466 INFO o.a.j.t.JMeterThread: Thread started: Thread Group 1-11
2018-07-28 20:30:11,467 INFO o.a.j.t.JMeterThread: Thread started: Thread Group 1-12
2018-07-28 20:30:11,477 INFO o.a.j.t.JMeterThread: Thread finished: Thread Group 1-11
2018-07-28 20:30:11,477 INFO o.a.j.t.JMeterThread: Thread finished: Thread Group 1-12
2018-07-28 20:30:11,477 INFO o.a.j.t.JMeterThread: Thread finished: Thread Group 1-18
2018-07-28 20:30:11,467 INFO o.a.j.t.JMeterThread: Thread finished: Thread Group 1-13
2018-07-28 20:30:11,479 INFO o.a.j.e.StandardJMeterEngine: Notifying test listeners of end of test
2018-07-28 20:30:11,479 INFO o.a.j.g.u.JMeterMenuBar: setRunning(false, *local*)
2018-07-28 20:30:18,891 INFO o.a.j.e.StandardJMeterEngine: Running the test!
2018-07-28 20:30:18,892 INFO o.a.j.s.SampleEvent: List of sample_variables: []
2018-07-28 20:30:18,894 INFO o.a.j.g.u.JMeterMenuBar: setRunning(true, *local*)
2018-07-28 20:30:19,018 INFO o.a.j.e.StandardJMeterEngine: Starting ThreadGroup: 1 : Thread Group
2018-07-28 20:30:19,018 INFO o.a.j.e.StandardJMeterEngine: Starting 20 threads for group Thread Group.
2018-07-28 20:30:19,018 INFO o.a.j.e.StandardJMeterEngine: Thread will continue on error
2018-07-28 20:30:19,018 INFO o.a.j.t.ThreadGroup: Starting thread group... number=1 threads=20 ramp-up=60 perThread=3000.0 delayedStart=false
2018-07-28 20:30:19,020 INFO o.a.j.t.JMeterThread: Thread started: Thread Group 1-1
2018-07-28 20:30:19,026 INFO o.a.j.t.ThreadGroup: Started thread group number 1
2018-07-28 20:30:19,027 INFO o.a.j.e.StandardJMeterEngine: All thread groups have been started
2018-07-28 20:30:19,250 INFO o.a.j.t.JMeterThread: Thread is done: Thread Group 1-1
2018-07-28 20:30:19,250 INFO o.a.j.t.JMeterThread: Thread finished: Thread Group 1-1
2018-07-28 20:30:22,027 INFO o.a.j.t.JMeterThread: Thread started: Thread Group 1-2
2018-07-28 20:30:22,263 INFO o.a.j.t.JMeterThread: Thread is done: Thread Group 1-2
2018-07-28 20:30:22,263 INFO o.a.j.t.JMeterThread: Thread finished: Thread Group 1-2
2018-07-28 20:30:25,027 INFO o.a.j.t.JMeterThread: Thread started: Thread Group 1-3
2018-07-28 20:30:25,251 INFO o.a.j.t.JMeterThread: Thread is done: Thread Group 1-3
2018-07-28 20:30:25,252 INFO o.a.j.t.JMeterThread: Thread finished: Thread Group 1-3
2018-07-28 20:30:28,026 INFO o.a.j.t.JMeterThread: Thread started: Thread Group 1-4
2018-07-28 20:30:28,263 INFO o.a.j.t.JMeterThread: Thread is done: Thread Group 1-4
2018-07-28 20:30:28,263 INFO o.a.j.t.JMeterThread: Thread finished: Thread Group 1-4
2018-07-28 20:30:31,027 INFO o.a.j.t.JMeterThread: Thread started: Thread Group 1-5
2018-07-28 20:30:31,261 INFO o.a.j.t.JMeterThread: Thread is done: Thread Group 1-5
2018-07-28 20:30:31,261 INFO o.a.j.t.JMeterThread: Thread finished: Thread Group 1-5
2018-07-28 20:30:34,025 INFO o.a.j.t.JMeterThread: Thread started: Thread Group 1-6
2018-07-28 20:30:34,264 INFO o.a.j.t.JMeterThread: Thread is done: Thread Group 1-6
2018-07-28 20:30:34,264 INFO o.a.j.t.JMeterThread: Thread finished: Thread Group 1-6
2018-07-28 20:30:37,027 INFO o.a.j.t.JMeterThread: Thread started: Thread Group 1-7
2018-07-28 20:30:37,272 INFO o.a.j.t.JMeterThread: Thread is done: Thread Group 1-7
2018-07-28 20:30:37,272 INFO o.a.j.t.JMeterThread: Thread finished: Thread Group 1-7
2018-07-28 20:30:40,029 INFO o.a.j.t.JMeterThread: Thread started: Thread Group 1-8
2018-07-28 20:30:40,275 INFO o.a.j.t.JMeterThread: Thread is done: Thread Group 1-8
2018-07-28 20:30:40,275 INFO o.a.j.t.JMeterThread: Thread finished: Thread Group 1-8
2018-07-28 20:30:43,028 INFO o.a.j.t.JMeterThread: Thread started: Thread Group 1-9
2018-07-28 20:30:43,235 INFO o.a.j.t.JMeterThread: Thread is done: Thread Group 1-9
2018-07-28 20:30:43,235 INFO o.a.j.t.JMeterThread: Thread finished: Thread Group 1-9
2018-07-28 20:30:46,029 INFO o.a.j.t.JMeterThread: Thread started: Thread Group 1-10
2018-07-28 20:30:46,252 INFO o.a.j.t.JMeterThread: Thread is done: Thread Group 1-10
2018-07-28 20:30:46,255 INFO o.a.j.t.JMeterThread: Thread finished: Thread Group 1-10
2018-07-28 20:30:49,029 INFO o.a.j.t.JMeterThread: Thread started: Thread Group 1-11
2018-07-28 20:30:49,253 INFO o.a.j.t.JMeterThread: Thread is done: Thread Group 1-11
2018-07-28 20:30:49,253 INFO o.a.j.t.JMeterThread: Thread finished: Thread Group 1-11
2018-07-28 20:30:52,029 INFO o.a.j.t.JMeterThread: Thread started: Thread Group 1-12
2018-07-28 20:30:52,267 INFO o.a.j.t.JMeterThread: Thread is done: Thread Group 1-12
2018-07-28 20:30:52,268 INFO o.a.j.t.JMeterThread: Thread finished: Thread Group 1-12
2018-07-28 20:30:55,029 INFO o.a.j.t.JMeterThread: Thread started: Thread Group 1-13
2018-07-28 20:30:55,274 INFO o.a.j.t.JMeterThread: Thread is done: Thread Group 1-13
2018-07-28 20:30:55,274 INFO o.a.j.t.JMeterThread: Thread finished: Thread Group 1-13
2018-07-28 20:30:58,030 INFO o.a.j.t.JMeterThread: Thread started: Thread Group 1-14
2018-07-28 20:30:58,271 INFO o.a.j.t.JMeterThread: Thread is done: Thread Group 1-14
2018-07-28 20:30:58,271 INFO o.a.j.t.JMeterThread: Thread finished: Thread Group 1-14
2018-07-28 20:31:01,029 INFO o.a.j.t.JMeterThread: Thread started: Thread Group 1-15
2018-07-28 20:31:01,238 INFO o.a.j.t.JMeterThread: Thread is done: Thread Group 1-15
2018-07-28 20:31:01,238 INFO o.a.j.t.JMeterThread: Thread finished: Thread Group 1-15
2018-07-28 20:31:04,029 INFO o.a.j.t.JMeterThread: Thread started: Thread Group 1-16
2018-07-28 20:31:04,260 INFO o.a.j.t.JMeterThread: Thread is done: Thread Group 1-16
2018-07-28 20:31:04,260 INFO o.a.j.t.JMeterThread: Thread finished: Thread Group 1-16
2018-07-28 20:31:07,029 INFO o.a.j.t.JMeterThread: Thread started: Thread Group 1-17
2018-07-28 20:31:07,275 INFO o.a.j.t.JMeterThread: Thread is done: Thread Group 1-17
2018-07-28 20:31:07,275 INFO o.a.j.t.JMeterThread: Thread finished: Thread Group 1-17
2018-07-28 20:31:10,030 INFO o.a.j.t.JMeterThread: Thread started: Thread Group 1-18
2018-07-28 20:31:10,255 INFO o.a.j.t.JMeterThread: Thread is done: Thread Group 1-18
2018-07-28 20:31:10,255 INFO o.a.j.t.JMeterThread: Thread finished: Thread Group 1-18
2018-07-28 20:31:13,030 INFO o.a.j.t.JMeterThread: Thread started: Thread Group 1-19
2018-07-28 20:31:13,253 INFO o.a.j.t.JMeterThread: Thread is done: Thread Group 1-19
2018-07-28 20:31:13,253 INFO o.a.j.t.JMeterThread: Thread finished: Thread Group 1-19
2018-07-28 20:31:16,029 INFO o.a.j.t.JMeterThread: Thread started: Thread Group 1-20
2018-07-28 20:31:16,294 INFO o.a.j.t.JMeterThread: Thread is done: Thread Group 1-20
2018-07-28 20:31:16,296 INFO o.a.j.t.JMeterThread: Thread finished: Thread Group 1-20
2018-07-28 20:31:16,297 INFO o.a.j.e.StandardJMeterEngine: Notifying test listeners of end of test
2018-07-28 20:31:16,297 INFO o.a.j.g.u.JMeterMenuBar: setRunning(false, *local*)
